2016-07-12 23:35:24,576 [myid:] - INFO  [main:QuorumPeerConfig@103] - Reading configuration from: /home/wgolab/cod/a3_starter/zookeeper-3.4.8/bin/../conf/zoo.cfg
2016-07-12 23:35:24,579 [myid:] - INFO  [main:DatadirCleanupManager@78] - autopurge.snapRetainCount set to 3
2016-07-12 23:35:24,579 [myid:] - INFO  [main:DatadirCleanupManager@79] - autopurge.purgeInterval set to 0
2016-07-12 23:35:24,579 [myid:] - INFO  [main:DatadirCleanupManager@101] - Purge task is not scheduled.
2016-07-12 23:35:24,579 [myid:] - WARN  [main:QuorumPeerMain@113] - Either no config or no quorum defined in config, running  in standalone mode
2016-07-12 23:35:24,586 [myid:] - INFO  [main:QuorumPeerConfig@103] - Reading configuration from: /home/wgolab/cod/a3_starter/zookeeper-3.4.8/bin/../conf/zoo.cfg
2016-07-12 23:35:24,586 [myid:] - INFO  [main:ZooKeeperServerMain@95] - Starting server
2016-07-12 23:35:24,590 [myid:] - INFO  [main:Environment@100] - Server environment:zookeeper.version=3.4.8--1, built on 02/06/2016 03:18 GMT
2016-07-12 23:35:24,590 [myid:] - INFO  [main:Environment@100] - Server environment:host.name=ecelinux1
2016-07-12 23:35:24,590 [myid:] - INFO  [main:Environment@100] - Server environment:java.version=1.8.0_91
2016-07-12 23:35:24,590 [myid:] - INFO  [main:Environment@100] - Server environment:java.vendor=Oracle Corporation
2016-07-12 23:35:24,590 [myid:] - INFO  [main:Environment@100] - Server environment:java.home=/usr/lib/jvm/java-1.8.0-openjdk-1.8.0.91-1.b14.el7_2.x86_64/jre
2016-07-12 23:35:24,590 [myid:] - INFO  [main:Environment@100] - Server environment:java.class.path=/home/wgolab/cod/a3_starter/zookeeper-3.4.8/bin/../build/classes:/home/wgolab/cod/a3_starter/zookeeper-3.4.8/bin/../build/lib/*.jar:/home/wgolab/cod/a3_starter/zookeeper-3.4.8/bin/../lib/slf4j-log4j12-1.6.1.jar:/home/wgolab/cod/a3_starter/zookeeper-3.4.8/bin/../lib/slf4j-api-1.6.1.jar:/home/wgolab/cod/a3_starter/zookeeper-3.4.8/bin/../lib/netty-3.7.0.Final.jar:/home/wgolab/cod/a3_starter/zookeeper-3.4.8/bin/../lib/log4j-1.2.16.jar:/home/wgolab/cod/a3_starter/zookeeper-3.4.8/bin/../lib/jline-0.9.94.jar:/home/wgolab/cod/a3_starter/zookeeper-3.4.8/bin/../zookeeper-3.4.8.jar:/home/wgolab/cod/a3_starter/zookeeper-3.4.8/bin/../src/java/lib/*.jar:/home/wgolab/cod/a3_starter/zookeeper-3.4.8/bin/../conf:
2016-07-12 23:35:24,590 [myid:] - INFO  [main:Environment@100] - Server environment:java.library.path=/usr/java/packages/lib/amd64:/usr/lib64:/lib64:/lib:/usr/lib
2016-07-12 23:35:24,590 [myid:] - INFO  [main:Environment@100] - Server environment:java.io.tmpdir=/tmp
2016-07-12 23:35:24,590 [myid:] - INFO  [main:Environment@100] - Server environment:java.compiler=<NA>
2016-07-12 23:35:24,591 [myid:] - INFO  [main:Environment@100] - Server environment:os.name=Linux
2016-07-12 23:35:24,591 [myid:] - INFO  [main:Environment@100] - Server environment:os.arch=amd64
2016-07-12 23:35:24,591 [myid:] - INFO  [main:Environment@100] - Server environment:os.version=3.10.0-327.22.2.el7.x86_64
2016-07-12 23:35:24,591 [myid:] - INFO  [main:Environment@100] - Server environment:user.name=wgolab
2016-07-12 23:35:24,591 [myid:] - INFO  [main:Environment@100] - Server environment:user.home=/home/wgolab
2016-07-12 23:35:24,591 [myid:] - INFO  [main:Environment@100] - Server environment:user.dir=/home/wgolab/cod/a3_starter/zookeeper-3.4.8/bin
2016-07-12 23:35:24,595 [myid:] - INFO  [main:ZooKeeperServer@787] - tickTime set to 2000
2016-07-12 23:35:24,595 [myid:] - INFO  [main:ZooKeeperServer@796] - minSessionTimeout set to -1
2016-07-12 23:35:24,595 [myid:] - INFO  [main:ZooKeeperServer@805] - maxSessionTimeout set to -1
2016-07-12 23:35:24,600 [myid:] - INFO  [main:NIOServerCnxnFactory@89] - binding to port 0.0.0.0/0.0.0.0:2181
